0 info it worked if it ends with ok
1 verbose cli [ 'C:\\Program Files (x86)\\nodejs\\\\node.exe',
1 verbose cli   'C:\\Program Files (x86)\\nodejs\\node_modules\\npm\\bin\\npm-cli.js',
1 verbose cli   'start',
1 verbose cli   'test-app' ]
2 info using npm@1.2.14
3 info using node@v0.10.0
4 verbose node symlink C:\Program Files (x86)\nodejs\\node.exe
5 verbose read json d:\Dev\Node.js\Test\node_modules\test-app\package.json
6 error Error: ENOENT, open 'd:\Dev\Node.js\Test\node_modules\test-app\package.json'
7 error If you need help, you may report this log at:
7 error     <http://github.com/isaacs/npm/issues>
7 error or email it to:
7 error     <npm-@googlegroups.com>
8 error System Windows_NT 6.1.7600
9 error command "C:\\Program Files (x86)\\nodejs\\\\node.exe" "C:\\Program Files (x86)\\nodejs\\node_modules\\npm\\bin\\npm-cli.js" "start" "test-app"
10 error cwd d:\Dev\Node.js\Test
11 error node -v v0.10.0
12 error npm -v 1.2.14
13 error path d:\Dev\Node.js\Test\node_modules\test-app\package.json
14 error code ENOENT
15 error errno 34
16 verbose exit [ 34, true ]
